#
# There is insufficient memory for the Java Runtime Environment to continue.
# Native memory allocation (malloc) failed to allocate 1357296 bytes for Chunk::new
# Possible reasons:
#   The system is out of physical RAM or swap space
#   In 32 bit mode, the process size limit was hit
# Possible solutions:
#   Reduce memory load on the system
#   Increase physical memory or swap space
#   Check if swap backing store is full
#   Use 64 bit Java on a 64 bit OS
#   Decrease Java heap size (-Xmx/-Xms)
#   Decrease number of Java threads
#   Decrease Java thread stack sizes (-Xss)
#   Set larger code cache with -XX:ReservedCodeCacheSize=
# This output file may be truncated or incomplete.
#
#  Out of Memory Error (allocation.cpp:390), pid=6076, tid=0x00000000000019f8
#
# JRE version: OpenJDK Runtime Environment (8.0_152-b01) (build 1.8.0_152-release-915-b01)
# Java VM: OpenJDK 64-Bit Server VM (25.152-b01 mixed mode windows-amd64 compressed oops)
# Failed to write core dump. Minidumps are not enabled by default on client versions of Windows
#

---------------  T H R E A D  ---------------

Current thread (0x0000000018b7a000):  JavaThread "C2 CompilerThread0" daemon [_thread_in_native, id=6648, stack(0x000000001a2c0000,0x000000001a3c0000)]

Stack: [0x000000001a2c0000,0x000000001a3c0000]
[error occurred during error reporting (printing stack bounds), id 0xc0000005]

Native frames: (J=compiled Java code, j=interpreted, Vv=VM code, C=native code)


Current CompileTask:
C2:  62815 8985       4       com.android.tools.r8.ir.regalloc.LinearScanRegisterAllocator::allocateSingleInterval (807 bytes)


---------------  P R O C E S S  ---------------

Java Threads: ( => current thread )
  0x0000000020c59800 JavaThread "ForkJoinPool.commonPool-worker-0" daemon [_thread_blocked, id=8860, stack(0x0000000026f40000,0x0000000027040000)]
  0x0000000020c59000 JavaThread "ForkJoinPool.commonPool-worker-3" daemon [_thread_blocked, id=1308, stack(0x0000000026e40000,0x0000000026f40000)]
  0x0000000020c4d800 JavaThread "ForkJoinPool.commonPool-worker-2" daemon [_thread_blocked, id=4912, stack(0x0000000026d40000,0x0000000026e40000)]
  0x0000000020c50800 JavaThread "ForkJoinPool.commonPool-worker-1" daemon [_thread_blocked, id=11948, stack(0x0000000026c40000,0x0000000026d40000)]
  0x0000000020c51800 JavaThread "Task worker for ':' Thread 3" [_thread_in_native, id=2504, stack(0x0000000025b40000,0x0000000025c40000)]
  0x000000001dd1a800 JavaThread "Task worker for ':' Thread 2" [_thread_blocked, id=14308, stack(0x0000000025a40000,0x0000000025b40000)]
  0x000000001f8b0000 JavaThread "Task worker for ':'" [_thread_blocked, id=11276, stack(0x0000000025940000,0x0000000025a40000)]
  0x000000001f8af000 JavaThread "Cache worker for Build Output Cleanup Cache (D:\NewShareFood\.gradle\buildOutputCleanup)" [_thread_blocked, id=9748, stack(0x0000000025840000,0x0000000025940000)]
  0x000000001f8ae800 JavaThread "Cache worker for task history cache (D:\NewShareFood\.gradle\4.4\taskHistory)" [_thread_blocked, id=9080, stack(0x0000000025740000,0x0000000025840000)]
  0x000000001f8ad800 JavaThread "Cache worker for file content cache (D:\NewShareFood\.gradle\4.4\fileContent)" [_thread_blocked, id=13464, stack(0x0000000025640000,0x0000000025740000)]
  0x000000001f8b0800 JavaThread "Memory manager" [_thread_blocked, id=11088, stack(0x00000000236b0000,0x00000000237b0000)]
  0x000000001dd1c000 JavaThread "build operations Thread 4" [_thread_blocked, id=12888, stack(0x0000000022fb0000,0x00000000230b0000)]
  0x000000001dd1d800 JavaThread "build operations Thread 3" [_thread_blocked, id=10752, stack(0x0000000022eb0000,0x0000000022fb0000)]
  0x000000001dd1b800 JavaThread "build operations Thread 2" [_thread_blocked, id=11180, stack(0x0000000022db0000,0x0000000022eb0000)]
  0x000000001dd1d000 JavaThread "build operations" [_thread_blocked, id=13092, stack(0x0000000022380000,0x0000000022480000)]
  0x000000001dd1a000 JavaThread "Cache worker for Artifact transforms cache (C:\Users\Dell\.gradle\caches\transforms-1)" [_thread_blocked, id=5388, stack(0x0000000020fb0000,0x00000000210b0000)]
  0x000000001dde1000 JavaThread "Cache worker for file hash cache (D:\NewShareFood\.gradle\4.4\fileHashes)" [_thread_blocked, id=9076, stack(0x000000001ea70000,0x000000001eb70000)]
  0x000000001ae39000 JavaThread "File lock request listener" [_thread_in_native, id=7120, stack(0x000000001d9a0000,0x000000001daa0000)]
  0x000000001ae38000 JavaThread "Cache worker for file hash cache (C:\Users\Dell\.gradle\caches\4.4\fileHashes)" [_thread_blocked, id=9272, stack(0x000000001d8a0000,0x000000001d9a0000)]
  0x000000001ae50800 JavaThread "Stdin handler" [_thread_blocked, id=12500, stack(0x000000001d5a0000,0x000000001d6a0000)]
  0x000000001ae50000 JavaThread "Asynchronous log dispatcher for DefaultDaemonConnection: socket connection from /127.0.0.1:57010 to /127.0.0.1:57011" [_thread_blocked, id=10460, stack(0x000000001d4a0000,0x000000001d5a0000)]
  0x000000001ae65800 JavaThread "Daemon worker" [_thread_blocked, id=4764, stack(0x000000001d3a0000,0x000000001d4a0000)]
  0x000000001ae70800 JavaThread "Cancel handler" [_thread_blocked, id=6132, stack(0x000000001d2a0000,0x000000001d3a0000)]
  0x000000001adde800 JavaThread "Handler for socket connection from /127.0.0.1:57010 to /127.0.0.1:57011" [_thread_in_native, id=13844, stack(0x000000001cfa0000,0x000000001d0a0000)]
  0x000000001adde000 JavaThread "Daemon" [_thread_blocked, id=11512, stack(0x000000001cea0000,0x000000001cfa0000)]
  0x000000001b26b800 JavaThread "Daemon periodic checks" [_thread_blocked, id=6852, stack(0x000000001cda0000,0x000000001cea0000)]
  0x000000001b079000 JavaThread "Incoming local TCP Connector on port 57010" [_thread_in_native, id=11320, stack(0x000000001c8d0000,0x000000001c9d0000)]
  0x0000000018bce800 JavaThread "Service Thread" daemon [_thread_blocked, id=11828, stack(0x000000001a9c0000,0x000000001aac0000)]
  0x0000000018b71800 JavaThread "C1 CompilerThread2" daemon [_thread_blocked, id=7668, stack(0x000000001a4c0000,0x000000001a5c0000)]
  0x0000000018b6e000 JavaThread "C2 CompilerThread1" daemon [_thread_blocked, id=8720, stack(0x000000001a3c0000,0x000000001a4c0000)]
=>0x0000000018b7a000 JavaThread "C2 CompilerThread0" daemon [_thread_in_native, id=6648, stack(0x000000001a2c0000,0x000000001a3c0000)]
  0x0000000018b79000 JavaThread "Attach Listener" daemon [_thread_blocked, id=11504, stack(0x000000001a1c0000,0x000000001a2c0000)]
  0x0000000018b77800 JavaThread "Signal Dispatcher" daemon [_thread_blocked, id=7564, stack(0x000000001a0c0000,0x000000001a1c0000)]
  0x00000000051fc800 JavaThread "Finalizer" daemon [_thread_blocked, id=9540, stack(0x0000000019dd0000,0x0000000019ed0000)]
  0x00000000051f1800 JavaThread "Reference Handler" daemon [_thread_blocked, id=13624, stack(0x0000000019cd0000,0x0000000019dd0000)]
  0x0000000005102800 JavaThread "main" [_thread_blocked, id=3268, stack(0x0000000005000000,0x0000000005100000)]

Other Threads:
  0x0000000018b35000 VMThread [stack: 0x0000000019bd0000,0x0000000019cd0000] [id=10036]
  0x000000001a5e0800 WatcherThread [stack: 0x000000001aac0000,0x000000001abc0000] [id=8372]

VM state:not at safepoint (normal execution)

VM Mutex/Monitor currently owned by a thread: None

Heap:
 PSYoungGen      total 134144K, used 109744K [0x00000000e0000000, 0x00000000ea080000, 0x0000000100000000)
  eden space 112640K, 97% used [0x00000000e0000000,0x00000000e6b2c128,0x00000000e6e00000)
  from space 21504K, 0% used [0x00000000e8300000,0x00000000e8300000,0x00000000e9800000)
  to   space 21504K, 0% used [0x00000000e6e00000,0x00000000e6e00000,0x00000000e8300000)
 ParOldGen       total 147968K, used 35696K [0x00000000a0000000, 0x00000000a9080000, 0x00000000e0000000)
  object space 147968K, 24% used [0x00000000a0000000,0x00000000a22dc138,0x00000000a9080000)
 Metaspace       used 64430K, capacity 66996K, committed 67032K, reserved 1107968K
  class space    used 8676K, capacity 9210K, committed 9216K, reserved 1048576K

Card table byte_map: [0x00000000145c0000,0x00000000148d0000] byte_map_base: 0x00000000140c0000

Marking Bits: (ParMarkBitMap*) 0x0000000062713950
 Begin Bits: [0x0000000014ed0000, 0x00000000166d0000)
 End Bits:   [0x00000000166d0000, 0x0000000017ed0000)

Polling page: 0x0000000003690000

CodeCache: size=245760Kb used=25941Kb max_used=25945Kb free=219819Kb
 bounds [0x0000000005200000, 0x0000000006b70000, 0x0000000014200000]
 total_blobs=8912 nmethods=8111 adapters=713
 compilation: enabled

Compilation events (10 events):
Event: 62.704 Thread 0x0000000018b71800 nmethod 9357 0x0000000006b687d0 code [0x0000000006b68960, 0x0000000006b68d48]
Event: 62.704 Thread 0x0000000018b71800 9358       3       org.gradle.internal.resources.ExclusiveAccessResourceLock::doIsLocked (8 bytes)
Event: 62.704 Thread 0x0000000018b71800 nmethod 9358 0x0000000006b68f50 code [0x0000000006b690c0, 0x0000000006b694d0]
Event: 62.705 Thread 0x0000000018b71800 9359       3       org.gradle.execution.taskgraph.DefaultTaskExecutionPlan::workRemaining (43 bytes)
Event: 62.706 Thread 0x0000000018b71800 nmethod 9359 0x0000000006b69610 code [0x0000000006b697c0, 0x0000000006b69df8]
Event: 62.707 Thread 0x0000000018b71800 9360       3       org.gradle.execution.taskgraph.DefaultTaskExecutionPlan::allProjectsLocked (50 bytes)
Event: 62.707 Thread 0x0000000018b71800 nmethod 9360 0x0000000006b69fd0 code [0x0000000006b6a1e0, 0x0000000006b6abc8]
Event: 62.707 Thread 0x0000000018b71800 9361   !   3       sun.reflect.GeneratedMethodAccessor17::invoke (68 bytes)
Event: 62.708 Thread 0x0000000018b71800 nmethod 9361 0x0000000006b6b010 code [0x0000000006b6b200, 0x0000000006b6ba18]
Event: 62.709 Thread 0x0000000018b6e000 nmethod 9355 0x0000000006b6ee90 code [0x0000000006b6f000, 0x0000000006b6f478]

GC Heap History (10 events):
Event: 26.059 GC heap before
{Heap before GC invocations=15 (full 2):
 PSYoungGen      total 89088K, used 88908K [0x00000000e0000000, 0x00000000e6380000, 0x0000000100000000)
  eden space 78336K, 100% used [0x00000000e0000000,0x00000000e4c80000,0x00000000e4c80000)
  from space 10752K, 98% used [0x00000000e5900000,0x00000000e6353298,0x00000000e6380000)
  to   space 11776K, 0% used [0x00000000e4c80000,0x00000000e4c80000,0x00000000e5800000)
 ParOldGen       total 101376K, used 16292K [0x00000000a0000000, 0x00000000a6300000, 0x00000000e0000000)
  object space 101376K, 16% used [0x00000000a0000000,0x00000000a0fe9138,0x00000000a6300000)
 Metaspace       used 49124K, capacity 50292K, committed 50520K, reserved 1093632K
  class space    used 6593K, capacity 6984K, committed 7040K, reserved 1048576K
Event: 26.072 GC heap after
Heap after GC invocations=15 (full 2):
 PSYoungGen      total 90112K, used 11751K [0x00000000e0000000, 0x00000000e7b80000, 0x0000000100000000)
  eden space 78336K, 0% used [0x00000000e0000000,0x00000000e0000000,0x00000000e4c80000)
  from space 11776K, 99% used [0x00000000e4c80000,0x00000000e57f9eb0,0x00000000e5800000)
  to   space 14336K, 0% used [0x00000000e6d80000,0x00000000e6d80000,0x00000000e7b80000)
 ParOldGen       total 101376K, used 20221K [0x00000000a0000000, 0x00000000a6300000, 0x00000000e0000000)
  object space 101376K, 19% used [0x00000000a0000000,0x00000000a13bf540,0x00000000a6300000)
 Metaspace       used 49124K, capacity 50292K, committed 50520K, reserved 1093632K
  class space    used 6593K, capacity 6984K, committed 7040K, reserved 1048576K
}
Event: 30.481 GC heap before
{Heap before GC invocations=16 (full 2):
 PSYoungGen      total 90112K, used 90087K [0x00000000e0000000, 0x00000000e7b80000, 0x0000000100000000)
  eden space 78336K, 100% used [0x00000000e0000000,0x00000000e4c80000,0x00000000e4c80000)
  from space 11776K, 99% used [0x00000000e4c80000,0x00000000e57f9eb0,0x00000000e5800000)
  to   space 14336K, 0% used [0x00000000e6d80000,0x00000000e6d80000,0x00000000e7b80000)
 ParOldGen       total 101376K, used 20221K [0x00000000a0000000, 0x00000000a6300000, 0x00000000e0000000)
  object space 101376K, 19% used [0x00000000a0000000,0x00000000a13bf540,0x00000000a6300000)
 Metaspace       used 54459K, capacity 56128K, committed 56280K, reserved 1097728K
  class space    used 7440K, capacity 7848K, committed 7936K, reserved 1048576K
Event: 30.509 GC heap after
Heap after GC invocations=16 (full 2):
 PSYoungGen      total 108032K, used 14317K [0x00000000e0000000, 0x00000000e8200000, 0x0000000100000000)
  eden space 93696K, 0% used [0x00000000e0000000,0x00000000e0000000,0x00000000e5b80000)
  from space 14336K, 99% used [0x00000000e6d80000,0x00000000e7b7b530,0x00000000e7b80000)
  to   space 18432K, 0% used [0x00000000e5b80000,0x00000000e5b80000,0x00000000e6d80000)
 ParOldGen       total 101376K, used 25954K [0x00000000a0000000, 0x00000000a6300000, 0x00000000e0000000)
  object space 101376K, 25% used [0x00000000a0000000,0x00000000a19588b8,0x00000000a6300000)
 Metaspace       used 54459K, capacity 56128K, committed 56280K, reserved 1097728K
  class space    used 7440K, capacity 7848K, committed 7936K, reserved 1048576K
}
Event: 55.089 GC heap before
{Heap before GC invocations=17 (full 2):
 PSYoungGen      total 108032K, used 108013K [0x00000000e0000000, 0x00000000e8200000, 0x0000000100000000)
  eden space 93696K, 100% used [0x00000000e0000000,0x00000000e5b80000,0x00000000e5b80000)
  from space 14336K, 99% used [0x00000000e6d80000,0x00000000e7b7b530,0x00000000e7b80000)
  to   space 18432K, 0% used [0x00000000e5b80000,0x00000000e5b80000,0x00000000e6d80000)
 ParOldGen       total 101376K, used 25954K [0x00000000a0000000, 0x00000000a6300000, 0x00000000e0000000)
  object space 101376K, 25% used [0x00000000a0000000,0x00000000a19588b8,0x00000000a6300000)
 Metaspace       used 56467K, capacity 58304K, committed 58584K, reserved 1099776K
  class space    used 7637K, capacity 8082K, committed 8192K, reserved 1048576K
Event: 55.133 GC heap after
Heap after GC invocations=17 (full 2):
 PSYoungGen      total 112128K, used 18413K [0x00000000e0000000, 0x00000000e9800000, 0x0000000100000000)
  eden space 93696K, 0% used [0x00000000e0000000,0x00000000e0000000,0x00000000e5b80000)
  from space 18432K, 99% used [0x00000000e5b80000,0x00000000e6d7b530,0x00000000e6d80000)
  to   space 21504K, 0% used [0x00000000e8300000,0x00000000e8300000,0x00000000e9800000)
 ParOldGen       total 101376K, used 27574K [0x00000000a0000000, 0x00000000a6300000, 0x00000000e0000000)
  object space 101376K, 27% used [0x00000000a0000000,0x00000000a1aed8b8,0x00000000a6300000)
 Metaspace       used 56467K, capacity 58304K, committed 58584K, reserved 1099776K
  class space    used 7637K, capacity 8082K, committed 8192K, reserved 1048576K
}
Event: 55.805 GC heap before
{Heap before GC invocations=18 (full 2):
 PSYoungGen      total 112128K, used 34045K [0x00000000e0000000, 0x00000000e9800000, 0x0000000100000000)
  eden space 93696K, 16% used [0x00000000e0000000,0x00000000e0f441b0,0x00000000e5b80000)
  from space 18432K, 99% used [0x00000000e5b80000,0x00000000e6d7b530,0x00000000e6d80000)
  to   space 21504K, 0% used [0x00000000e8300000,0x00000000e8300000,0x00000000e9800000)
 ParOldGen       total 101376K, used 27574K [0x00000000a0000000, 0x00000000a6300000, 0x00000000e0000000)
  object space 101376K, 27% used [0x00000000a0000000,0x00000000a1aed8b8,0x00000000a6300000)
 Metaspace       used 57129K, capacity 58952K, committed 59028K, reserved 1099776K
  class space    used 7721K, capacity 8162K, committed 8192K, reserved 1048576K
Event: 55.831 GC heap after
Heap after GC invocations=18 (full 2):
 PSYoungGen      total 134144K, used 12602K [0x00000000e0000000, 0x00000000ea080000, 0x0000000100000000)
  eden space 112640K, 0% used [0x00000000e0000000,0x00000000e0000000,0x00000000e6e00000)
  from space 21504K, 58% used [0x00000000e8300000,0x00000000e8f4eb10,0x00000000e9800000)
  to   space 21504K, 0% used [0x00000000e6e00000,0x00000000e6e00000,0x00000000e8300000)
 ParOldGen       total 101376K, used 34553K [0x00000000a0000000, 0x00000000a6300000, 0x00000000e0000000)
  object space 101376K, 34% used [0x00000000a0000000,0x00000000a21be7e0,0x00000000a6300000)
 Metaspace       used 57129K, capacity 58952K, committed 59028K, reserved 1099776K
  class space    used 7721K, capacity 8162K, committed 8192K, reserved 1048576K
}
Event: 55.831 GC heap before
{Heap before GC invocations=19 (full 3):
 PSYoungGen      total 134144K, used 12602K [0x00000000e0000000, 0x00000000ea080000, 0x0000000100000000)
  eden space 112640K, 0% used [0x00000000e0000000,0x00000000e0000000,0x00000000e6e00000)
  from space 21504K, 58% used [0x00000000e8300000,0x00000000e8f4eb10,0x00000000e9800000)
  to   space 21504K, 0% used [0x00000000e6e00000,0x00000000e6e00000,0x00000000e8300000)
 ParOldGen       total 101376K, used 34553K [0x00000000a0000000, 0x00000000a6300000, 0x00000000e0000000)
  object space 101376K, 34% used [0x00000000a0000000,0x00000000a21be7e0,0x00000000a6300000)
 Metaspace       used 57129K, capacity 58952K, committed 59028K, reserved 1099776K
  class space    used 7721K, capacity 8162K, committed 8192K, reserved 1048576K
Event: 56.160 GC heap after
Heap after GC invocations=19 (full 3):
 PSYoungGen      total 134144K, used 0K [0x00000000e0000000, 0x00000000ea080000, 0x0000000100000000)
  eden space 112640K, 0% used [0x00000000e0000000,0x00000000e0000000,0x00000000e6e00000)
  from space 21504K, 0% used [0x00000000e8300000,0x00000000e8300000,0x00000000e9800000)
  to   space 21504K, 0% used [0x00000000e6e00000,0x00000000e6e00000,0x00000000e8300000)
 ParOldGen       total 147968K, used 35696K [0x00000000a0000000, 0x00000000a9080000, 0x00000000e0000000)
  object space 147968K, 24% used [0x00000000a0000000,0x00000000a22dc138,0x00000000a9080000)
 Metaspace       used 57129K, capacity 58952K, committed 59028K, reserved 1099776K
  class space    used 7721K, capacity 8162K, committed 8192K, reserved 1048576K
}

Deoptimization events (10 events):
Event: 60.484 Thread 0x0000000020c59800 Uncommon trap: reason=bimorphic action=maybe_recompile pc=0x0000000005543d5c method=com.google.common.collect.RegularImmutableMap.get(Ljava/lang/Object;[Lcom/google/common/collect/ImmutableMapEntry;I)Ljava/lang/Object; @ 11
Event: 60.484 Thread 0x0000000020c59800 Uncommon trap: reason=bimorphic action=maybe_recompile pc=0x0000000005543d5c method=com.google.common.collect.RegularImmutableMap.get(Ljava/lang/Object;[Lcom/google/common/collect/ImmutableMapEntry;I)Ljava/lang/Object; @ 11
Event: 60.484 Thread 0x0000000020c59800 Uncommon trap: reason=bimorphic action=maybe_recompile pc=0x0000000006284f3c method=com.google.common.collect.RegularImmutableMap.get(Ljava/lang/Object;[Lcom/google/common/collect/ImmutableMapEntry;I)Ljava/lang/Object; @ 11
Event: 62.168 Thread 0x0000000020c57800 Uncommon trap: reason=unstable_if action=reinterpret pc=0x00000000069b6158 method=com.android.tools.r8.ir.conversion.JarSourceCode.getDebugPositionAtOffset(I)Lcom/android/tools/r8/ir/code/Position; @ 18
Event: 62.184 Thread 0x0000000020c57800 Uncommon trap: reason=unstable_if action=reinterpret pc=0x0000000006a9265c method=com.android.tools.r8.ir.code.Instruction.getDebugValues()Ljava/util/Set; @ 4
Event: 62.269 Thread 0x0000000020c50800 Uncommon trap: reason=unstable_if action=reinterpret pc=0x00000000059a28c4 method=java.lang.StringBuffer.toString()Ljava/lang/String; @ 4
Event: 62.478 Thread 0x0000000020c57800 Uncommon trap: reason=array_check action=maybe_recompile pc=0x00000000059de7d8 method=java.util.TimSort.binarySort([Ljava/lang/Object;IIILjava/util/Comparator;)V @ 183
Event: 62.479 Thread 0x0000000020c57800 Uncommon trap: reason=array_check action=maybe_recompile pc=0x00000000059de7d8 method=java.util.TimSort.binarySort([Ljava/lang/Object;IIILjava/util/Comparator;)V @ 183
Event: 62.479 Thread 0x0000000020c57800 Uncommon trap: reason=array_check action=maybe_recompile pc=0x00000000059de7d8 method=java.util.TimSort.binarySort([Ljava/lang/Object;IIILjava/util/Comparator;)V @ 183
Event: 62.610 Thread 0x0000000020c56800 Uncommon trap: reason=unstable_if action=reinterpret pc=0x00000000068fdfa8 method=java.util.concurrent.locks.AbstractQueuedSynchronizer.acquireQueued(Ljava/util/concurrent/locks/AbstractQueuedSynchronizer$Node;I)Z @ 70

Classes redefined (0 events):
No events

Internal exceptions (10 events):
Event: 56.555 Thread 0x0000000020c50800 Exception <a 'java/lang/ClassNotFoundException': org/gradle/api/plugins/JavaPluginConventionBeanInfo> (0x00000000e0493090) thrown at [D:\src\AOSP-openjdk-cygwin\jdk8u\hotspot\src\share\vm\classfile\systemDictionary.cpp, line 210]
Event: 56.556 Thread 0x0000000020c50800 Exception <a 'java/lang/ClassNotFoundException': org/gradle/api/plugins/JavaPluginConventionCustomizer> (0x00000000e04ca268) thrown at [D:\src\AOSP-openjdk-cygwin\jdk8u\hotspot\src\share\vm\classfile\systemDictionary.cpp, line 210]
Event: 56.865 Thread 0x0000000020c50800 Exception <a 'java/lang/NoSuchMethodError': java.lang.Object.lambda$comparing$ea9a8b3a$1(Ljava/util/Comparator;Ljava/util/function/Function;Ljava/lang/Object;Ljava/lang/Object;)I> (0x00000000e06e4c20) thrown at [D:\src\AOSP-openjdk-cygwin\jdk8u\hotspot\sr
Event: 56.913 Thread 0x0000000020c50800 Exception <a 'java/lang/NoSuchMethodError': java.lang.Object.lambda$or$2(Ljava/util/function/Predicate;Ljava/lang/Object;)Z> (0x00000000e0907608) thrown at [D:\src\AOSP-openjdk-cygwin\jdk8u\hotspot\src\share\vm\interpreter\linkResolver.cpp, line 584]
Event: 57.790 Thread 0x000000001ae65800 Exception <a 'java/lang/NoSuchMethodError': <clinit>> (0x00000000e1796790) thrown at [D:\src\AOSP-openjdk-cygwin\jdk8u\hotspot\src\share\vm\prims\jni.cpp, line 1613]
Event: 60.279 Thread 0x0000000020c50800 Exception <a 'java/lang/NoSuchMethodError': java.lang.Object.lambda$and$0(Ljava/util/function/Predicate;Ljava/lang/Object;)Z> (0x00000000e0e736d8) thrown at [D:\src\AOSP-openjdk-cygwin\jdk8u\hotspot\src\share\vm\interpreter\linkResolver.cpp, line 584]
Event: 60.279 Thread 0x0000000020c59800 Exception <a 'java/lang/NoSuchMethodError': java.lang.Object.lambda$and$0(Ljava/util/function/Predicate;Ljava/lang/Object;)Z> (0x00000000e416bc58) thrown at [D:\src\AOSP-openjdk-cygwin\jdk8u\hotspot\src\share\vm\interpreter\linkResolver.cpp, line 584]
Event: 60.294 Thread 0x0000000020c59800 Exception <a 'java/lang/NoSuchMethodError': java.lang.Object.lambda$static$0(Ljava/lang/String;)Z> (0x00000000e4176cf0) thrown at [D:\src\AOSP-openjdk-cygwin\jdk8u\hotspot\src\share\vm\interpreter\linkResolver.cpp, line 584]
Event: 60.497 Thread 0x0000000020c50800 Exception <a 'sun/nio/fs/WindowsException'> (0x00000000e44f3600) thrown at [D:\src\AOSP-openjdk-cygwin\jdk8u\hotspot\src\share\vm\prims\jni.cpp, line 709]
Event: 62.532 Thread 0x0000000020c57800 Exception <a 'sun/nio/fs/WindowsException'> (0x00000000e67e9818) thrown at [D:\src\AOSP-openjdk-cygwin\jdk8u\hotspot\src\share\vm\prims\jni.cpp, line 709]

Events (10 events):
Event: 62.611 loading class java/util/WeakHashMap$ValueIterator
Event: 62.612 loading class java/util/WeakHashMap$HashIterator
Event: 62.612 loading class java/util/WeakHashMap$HashIterator done
Event: 62.612 loading class java/util/WeakHashMap$ValueIterator done
Event: 62.612 loading class com/android/builder/dexing/DexArchives
Event: 62.612 loading class com/android/builder/dexing/DexArchives done
Event: 62.613 loading class com/android/builder/dexing/DexArchive
Event: 62.613 loading class com/android/builder/dexing/DexArchive done
Event: 62.613 loading class com/android/builder/dexing/DirDexArchive
Event: 62.613 loading class com/android/builder/dexing/DirDexArchive done


Dynamic libraries:
0x00007ff6291e0000 - 0x00007ff629211000 	C:\Program Files\Android\Android Studio\jre\bin\java.exe
0x00007ffa65150000 - 0x00007ffa65330000 	C:\Windows\SYSTEM32\ntdll.dll
0x00007ffa65070000 - 0x00007ffa6511e000 	C:\Windows\System32\KERNEL32.DLL
0x00007ffa623b0000 - 0x00007ffa62616000 	C:\Windows\System32\KERNELBASE.dll
0x00007ffa64ab0000 - 0x00007ffa64b51000 	C:\Windows\System32\ADVAPI32.dll
0x00007ffa646b0000 - 0x00007ffa6474d000 	C:\Windows\System32\msvcrt.dll
0x00007ffa648c0000 - 0x00007ffa6491b000 	C:\Windows\System32\sechost.dll
0x00007ffa64c20000 - 0x00007ffa64d3f000 	C:\Windows\System32\RPCRT4.dll
0x00007ffa64920000 - 0x00007ffa64aaf000 	C:\Windows\System32\USER32.dll
0x00007ffa62180000 - 0x00007ffa621a0000 	C:\Windows\System32\win32u.dll
0x00007ffa64230000 - 0x00007ffa64258000 	C:\Windows\System32\GDI32.dll
0x00007ffa61fe0000 - 0x00007ffa62173000 	C:\Windows\System32\gdi32full.dll
0x00007ffa61f40000 - 0x00007ffa61fdb000 	C:\Windows\System32\msvcp_win.dll
0x00007ffa621a0000 - 0x00007ffa62296000 	C:\Windows\System32\ucrtbase.dll
0x00007ffa51b40000 - 0x00007ffa51da9000 	C:\Windows\WinSxS\amd64_microsoft.windows.common-controls_6595b64144ccf1df_6.0.16299.371_none_15c7d1789365a290\COMCTL32.dll
0x00007ffa64d40000 - 0x00007ffa65048000 	C:\Windows\System32\combase.dll
0x00007ffa61550000 - 0x00007ffa615c2000 	C:\Windows\System32\bcryptPrimitives.dll
0x00007ffa64370000 - 0x00007ffa6439d000 	C:\Windows\System32\IMM32.DLL
0x0000000061e70000 - 0x0000000061f42000 	C:\Program Files\Android\Android Studio\jre\jre\bin\msvcr100.dll
0x0000000061f50000 - 0x000000006278e000 	C:\Program Files\Android\Android Studio\jre\jre\bin\server\jvm.dll
0x00007ffa642f0000 - 0x00007ffa642f8000 	C:\Windows\System32\PSAPI.DLL
0x00007ffa4def0000 - 0x00007ffa4def9000 	C:\Windows\SYSTEM32\WSOCK32.dll
0x00007ffa5cdd0000 - 0x00007ffa5cdf3000 	C:\Windows\SYSTEM32\WINMM.dll
0x00007ffa56ca0000 - 0x00007ffa56caa000 	C:\Windows\SYSTEM32\VERSION.dll
0x00007ffa5c950000 - 0x00007ffa5c97a000 	C:\Windows\SYSTEM32\winmmbase.dll
0x00007ffa617a0000 - 0x00007ffa617ea000 	C:\Windows\System32\cfgmgr32.dll
0x00007ffa64300000 - 0x00007ffa6436c000 	C:\Windows\System32\WS2_32.dll
0x00007ffa5b240000 - 0x00007ffa5b24f000 	C:\Program Files\Android\Android Studio\jre\jre\bin\verify.dll
0x00007ffa2fbb0000 - 0x00007ffa2fbd9000 	C:\Program Files\Android\Android Studio\jre\jre\bin\java.dll
0x00007ffa56d40000 - 0x00007ffa56d56000 	C:\Program Files\Android\Android Studio\jre\jre\bin\zip.dll
0x00007ffa62d90000 - 0x00007ffa641c6000 	C:\Windows\System32\SHELL32.dll
0x00007ffa64b60000 - 0x00007ffa64c06000 	C:\Windows\System32\shcore.dll
0x00007ffa617f0000 - 0x00007ffa61f37000 	C:\Windows\System32\windows.storage.dll
0x00007ffa62770000 - 0x00007ffa627c1000 	C:\Windows\System32\shlwapi.dll
0x00007ffa61530000 - 0x00007ffa61541000 	C:\Windows\System32\kernel.appcore.dll
0x00007ffa614c0000 - 0x00007ffa6150c000 	C:\Windows\System32\powrprof.dll
0x00007ffa614a0000 - 0x00007ffa614bb000 	C:\Windows\System32\profapi.dll
0x00007ffa524f0000 - 0x00007ffa5250a000 	C:\Program Files\Android\Android Studio\jre\jre\bin\net.dll
0x00007ffa60cd0000 - 0x00007ffa60d36000 	C:\Windows\system32\mswsock.dll
0x00007ffa469a0000 - 0x00007ffa469b1000 	C:\Program Files\Android\Android Studio\jre\jre\bin\nio.dll
0x00007ffa3cb70000 - 0x00007ffa3cb8e000 	C:\Users\Dell\.gradle\native\25\windows-amd64\native-platform.dll
0x00007ffa56cb0000 - 0x00007ffa56cbd000 	C:\Program Files\Android\Android Studio\jre\jre\bin\management.dll
0x00007ffa60ea0000 - 0x00007ffa60eb7000 	C:\Windows\SYSTEM32\CRYPTSP.dll
0x00007ffa608d0000 - 0x00007ffa60903000 	C:\Windows\system32\rsaenh.dll
0x00007ffa60fa0000 - 0x00007ffa60fc5000 	C:\Windows\SYSTEM32\bcrypt.dll
0x00007ffa613a0000 - 0x00007ffa613c9000 	C:\Windows\SYSTEM32\USERENV.dll
0x00007ffa60e90000 - 0x00007ffa60e9b000 	C:\Windows\SYSTEM32\CRYPTBASE.dll
0x00007ffa60a60000 - 0x00007ffa60a99000 	C:\Windows\SYSTEM32\IPHLPAPI.DLL
0x00007ffa64c10000 - 0x00007ffa64c18000 	C:\Windows\System32\NSI.dll
0x00007ffa5c580000 - 0x00007ffa5c596000 	C:\Windows\SYSTEM32\dhcpcsvc6.DLL
0x00007ffa5a260000 - 0x00007ffa5a27a000 	C:\Windows\SYSTEM32\dhcpcsvc.DLL

VM Arguments:
jvm_args: -Xmx1536m -Dfile.encoding=windows-1252 -Duser.country=US -Duser.language=en -Duser.variant 
java_command: org.gradle.launcher.daemon.bootstrap.GradleDaemon 4.4
java_class_path (initial): C:\Users\Dell\.gradle\wrapper\dists\gradle-4.4-all\9br9xq1tocpiv8o6njlyu5op1\gradle-4.4\lib\gradle-launcher-4.4.jar
Launcher Type: SUN_STANDARD

Environment Variables:
PATH=C:\ProgramData\Oracle\Java\javapath;C:\Windows\system32;C:\Windows;C:\Windows\System32\Wbem;C:\Windows\System32\WindowsPowerShell\v1.0\;C:\Program Files\Microsoft SQL Server\120\DTS\Binn\;C:\Program Files\Microsoft SQL Server\Client SDK\ODBC\110\Tools\Binn\;C:\Program Files (x86)\Microsoft SQL Server\120\Tools\Binn\;C:\Program Files\Microsoft SQL Server\120\Tools\Binn\;C:\Program Files (x86)\Microsoft SQL Server\120\Tools\Binn\ManagementStudio\;C:\Program Files (x86)\Microsoft SQL Server\120\DTS\Binn\;C:\Program Files\Microsoft SQL Server\130\Tools\Binn\;C:\Program Files (x86)\Windows Kits\10\Windows Performance Toolkit\;D:\git\Git\cmd;F:\Tài li?u nam 4\nodejs\;C:\Program Files (x86)\Microsoft SQL Server\110\DTS\Binn\;C:\Program Files (x86)\Microsoft SQL Server\130\DTS\Binn\;C:\Program Files (x86)\Microsoft SQL Server\140\DTS\Binn\;C:\Program Files\Microsoft\Web Platform Installer\;C:\Program Files\dotnet\;C:\Program Files (x86)\Bitvise SSH Client;C:\Users\Dell\AppData\Local\Microsoft\WindowsApps;;F:\Tài li?u nam 4\H? th?ng phân tán\Microsoft VS Code\bin;C:\Users\Dell\AppData\Roaming\npm
USERNAME=Dell
OS=Windows_NT
PROCESSOR_IDENTIFIER=Intel64 Family 6 Model 142 Stepping 9, GenuineIntel



---------------  S Y S T E M  ---------------

OS: Windows 10.0 , 64 bit Build 16299 (10.0.16299.15)

CPU:total 4 (initial active 4) (2 cores per cpu, 2 threads per core) family 6 model 142 stepping 9, cmov, cx8, fxsr, mmx, sse, sse2, sse3, ssse3, sse4.1, sse4.2, popcnt, avx, avx2, aes, clmul, erms, 3dnowpref, lzcnt, ht, tsc, tscinvbit, bmi1, bmi2, adx

Memory: 4k page, physical 8253576k(398684k free), swap 12447880k(5280k free)

vm_info: OpenJDK 64-Bit Server VM (25.152-b01) for windows-amd64 JRE (1.8.0_152-release-915-b01), built by "builder" with MS VC++ 10.0 (VS2010)

time: Sun May 06 16:46:52 2018
elapsed time: 62 seconds (0d 0h 1m 2s)

