#
# There is insufficient memory for the Java Runtime Environment to continue.
# Native memory allocation (malloc) failed to allocate 1121472 bytes for Chunk::new
# Possible reasons:
#   The system is out of physical RAM or swap space
#   In 32 bit mode, the process size limit was hit
# Possible solutions:
#   Reduce memory load on the system
#   Increase physical memory or swap space
#   Check if swap backing store is full
#   Use 64 bit Java on a 64 bit OS
#   Decrease Java heap size (-Xmx/-Xms)
#   Decrease number of Java threads
#   Decrease Java thread stack sizes (-Xss)
#   Set larger code cache with -XX:ReservedCodeCacheSize=
# This output file may be truncated or incomplete.
#
#  Out of Memory Error (allocation.cpp:390), pid=7400, tid=0x0000000000000cb4
#
# JRE version: OpenJDK Runtime Environment (8.0_152-b01) (build 1.8.0_152-release-915-b01)
# Java VM: OpenJDK 64-Bit Server VM (25.152-b01 mixed mode windows-amd64 compressed oops)
# Failed to write core dump. Minidumps are not enabled by default on client versions of Windows
#

---------------  T H R E A D  ---------------

Current thread (0x000000001856e800):  JavaThread "C2 CompilerThread0" daemon [_thread_in_native, id=3252, stack(0x0000000019bc0000,0x0000000019cc0000)]

Stack: [0x0000000019bc0000,0x0000000019cc0000]
[error occurred during error reporting (printing stack bounds), id 0xc0000005]

Native frames: (J=compiled Java code, j=interpreted, Vv=VM code, C=native code)


Current CompileTask:
C2:8506076 31698   !   4       com.android.ide.common.res2.ResourceSet::createFileAndItemsFromXml (490 bytes)


---------------  P R O C E S S  ---------------

Java Threads: ( => current thread )
  0x000000001d3e8800 JavaThread "pool-294-thread-1" [_thread_blocked, id=7884, stack(0x000000002f8b0000,0x000000002f9b0000)]
  0x00000000204d3000 JavaThread "queued-resource-processor_119" daemon [_thread_blocked, id=9864, stack(0x000000002eeb0000,0x000000002efb0000)]
  0x00000000204d2800 JavaThread "Task worker for ':' Thread 3" [_thread_blocked, id=13360, stack(0x000000002ebb0000,0x000000002ecb0000)]
  0x00000000204d5800 JavaThread "Task worker for ':' Thread 2" [_thread_blocked, id=8940, stack(0x000000002eab0000,0x000000002ebb0000)]
  0x00000000204d4800 JavaThread "Task worker for ':'" [_thread_blocked, id=8120, stack(0x000000002e9b0000,0x000000002eab0000)]
  0x00000000204d4000 JavaThread "Cache worker for Build Output Cleanup Cache (D:\NewShareFood\.gradle\buildOutputCleanup)" [_thread_blocked, id=8948, stack(0x000000002e8b0000,0x000000002e9b0000)]
  0x00000000204d7000 JavaThread "Cache worker for task history cache (D:\NewShareFood\.gradle\4.4\taskHistory)" [_thread_blocked, id=7512, stack(0x000000002e7b0000,0x000000002e8b0000)]
  0x00000000204cb000 JavaThread "Cache worker for file content cache (D:\NewShareFood\.gradle\4.4\fileContent)" [_thread_blocked, id=880, stack(0x000000002e6b0000,0x000000002e7b0000)]
  0x00000000204ce800 JavaThread "build operations Thread 4" [_thread_blocked, id=8784, stack(0x000000002e5b0000,0x000000002e6b0000)]
  0x00000000204d1800 JavaThread "build operations Thread 3" [_thread_blocked, id=11444, stack(0x000000002e4b0000,0x000000002e5b0000)]
  0x00000000204ce000 JavaThread "build operations Thread 2" [_thread_blocked, id=5224, stack(0x000000002e3b0000,0x000000002e4b0000)]
  0x00000000204cd000 JavaThread "build operations" [_thread_blocked, id=6556, stack(0x000000002e2b0000,0x000000002e3b0000)]
  0x00000000204d1000 JavaThread "Cache worker for Artifact transforms cache (C:\Users\Dell\.gradle\caches\transforms-1)" [_thread_blocked, id=14288, stack(0x000000002e1b0000,0x000000002e2b0000)]
  0x00000000204c9800 JavaThread "Cache worker for file hash cache (D:\NewShareFood\.gradle\4.4\fileHashes)" [_thread_blocked, id=8568, stack(0x000000002e0b0000,0x000000002e1b0000)]
  0x00000000204cb800 JavaThread "Stdin handler" [_thread_blocked, id=10136, stack(0x000000002dfb0000,0x000000002e0b0000)]
  0x00000000204cc800 JavaThread "Asynchronous log dispatcher for DefaultDaemonConnection: socket connection from /127.0.0.1:63970 to /127.0.0.1:50149" [_thread_blocked, id=10964, stack(0x000000002deb0000,0x000000002dfb0000)]
  0x00000000204ca000 JavaThread "Cancel handler" [_thread_blocked, id=7260, stack(0x000000002ddb0000,0x000000002deb0000)]
  0x00000000204d0000 JavaThread "Handler for socket connection from /127.0.0.1:63970 to /127.0.0.1:50149" [_thread_in_native, id=4520, stack(0x000000002dcb0000,0x000000002ddb0000)]
  0x0000000025537800 JavaThread "Daemon worker Thread 17" [_thread_blocked, id=11564, stack(0x0000000029510000,0x0000000029610000)]
  0x0000000025531800 JavaThread "Daemon Thread 17" [_thread_blocked, id=9104, stack(0x0000000029210000,0x0000000029310000)]
  0x000000001d66f000 JavaThread "Java2D Disposer" daemon [_thread_blocked, id=13600, stack(0x000000006fb90000,0x000000006fc90000)]
  0x000000001d3ed800 JavaThread "pool-103-thread-4" [_thread_blocked, id=9408, stack(0x00000000473e0000,0x00000000474e0000)]
  0x000000001d3f3800 JavaThread "pool-103-thread-3" [_thread_blocked, id=5768, stack(0x00000000411e0000,0x00000000412e0000)]
  0x00000000241f7000 JavaThread "pool-103-thread-2" [_thread_blocked, id=2328, stack(0x000000003f5e0000,0x000000003f6e0000)]
  0x0000000025533800 JavaThread "pool-103-thread-1" [_thread_blocked, id=3728, stack(0x000000003d9e0000,0x000000003dae0000)]
  0x000000001d3ee800 JavaThread "Memory manager" [_thread_blocked, id=8480, stack(0x0000000022fc0000,0x00000000230c0000)]
  0x000000001b84a000 JavaThread "File lock request listener" [_thread_in_native, id=11440, stack(0x000000001d2a0000,0x000000001d3a0000)]
  0x000000001b724800 JavaThread "Cache worker for file hash cache (C:\Users\Dell\.gradle\caches\4.4\fileHashes)" [_thread_blocked, id=13036, stack(0x000000001d1a0000,0x000000001d2a0000)]
  0x000000001b31a800 JavaThread "Daemon periodic checks" [_thread_blocked, id=6512, stack(0x000000001c6a0000,0x000000001c7a0000)]
  0x000000001b2c8000 JavaThread "Incoming local TCP Connector on port 63970" [_thread_in_native, id=6752, stack(0x000000001c1d0000,0x000000001c2d0000)]
  0x00000000185cc800 JavaThread "Service Thread" daemon [_thread_blocked, id=11204, stack(0x000000001a2c0000,0x000000001a3c0000)]
  0x0000000018575000 JavaThread "C1 CompilerThread2" daemon [_thread_blocked, id=2544, stack(0x0000000019dc0000,0x0000000019ec0000)]
  0x0000000018571800 JavaThread "C2 CompilerThread1" daemon [_thread_blocked, id=9624, stack(0x0000000019cc0000,0x0000000019dc0000)]
=>0x000000001856e800 JavaThread "C2 CompilerThread0" daemon [_thread_in_native, id=3252, stack(0x0000000019bc0000,0x0000000019cc0000)]
  0x000000001856b000 JavaThread "Attach Listener" daemon [_thread_blocked, id=6648, stack(0x0000000019ac0000,0x0000000019bc0000)]
  0x0000000018569800 JavaThread "Signal Dispatcher" daemon [_thread_blocked, id=8016, stack(0x00000000199c0000,0x0000000019ac0000)]
  0x0000000004bfc800 JavaThread "Finalizer" daemon [_thread_blocked, id=9364, stack(0x00000000197c0000,0x00000000198c0000)]
  0x0000000004bf1800 JavaThread "Reference Handler" daemon [_thread_blocked, id=1340, stack(0x00000000196c0000,0x00000000197c0000)]
  0x0000000004b02800 JavaThread "main" [_thread_blocked, id=8088, stack(0x0000000004a00000,0x0000000004b00000)]

Other Threads:
  0x0000000018535000 VMThread [stack: 0x00000000195c0000,0x00000000196c0000] [id=8776]
  0x00000000185ce000 WatcherThread [stack: 0x000000001a3c0000,0x000000001a4c0000] [id=10764]

VM state:not at safepoint (normal execution)

VM Mutex/Monitor currently owned by a thread: None

Heap:
 PSYoungGen      total 467968K, used 327746K [0x00000000e0000000, 0x00000000ffa00000, 0x0000000100000000)
  eden space 416768K, 72% used [0x00000000e0000000,0x00000000f2588d10,0x00000000f9700000)
  from space 51200K, 53% used [0x00000000fc700000,0x00000000fe187b58,0x00000000ff900000)
  to   space 49152K, 0% used [0x00000000f9700000,0x00000000f9700000,0x00000000fc700000)
 ParOldGen       total 199680K, used 167253K [0x00000000a0000000, 0x00000000ac300000, 0x00000000e0000000)
  object space 199680K, 83% used [0x00000000a0000000,0x00000000aa355728,0x00000000ac300000)
 Metaspace       used 102873K, capacity 112792K, committed 112896K, reserved 1146880K
  class space    used 12999K, capacity 15319K, committed 15360K, reserved 1048576K

Card table byte_map: [0x0000000013fc0000,0x00000000142d0000] byte_map_base: 0x0000000013ac0000

Marking Bits: (ParMarkBitMap*) 0x0000000062713950
 Begin Bits: [0x00000000148d0000, 0x00000000160d0000)
 End Bits:   [0x00000000160d0000, 0x00000000178d0000)

Polling page: 0x00000000030e0000

CodeCache: size=245760Kb used=89985Kb max_used=90014Kb free=155774Kb
 bounds [0x0000000004c00000, 0x000000000a480000, 0x0000000013c00000]
 total_blobs=24553 nmethods=23568 adapters=895
 compilation: enabled

Compilation events (10 events):
Event: 8504.291 Thread 0x0000000018575000 nmethod 31712 0x000000000a44f790 code [0x000000000a44fd00, 0x000000000a453a48]
Event: 8504.294 Thread 0x0000000018575000 31713       3       com.android.ide.common.res2.ResourceMerger$MergedResourceItem::getSourceType (4 bytes)
Event: 8504.294 Thread 0x0000000018575000 nmethod 31713 0x0000000005b5f290 code [0x0000000005b5f3e0, 0x0000000005b5f530]
Event: 8504.451 Thread 0x0000000018575000 31714   !   3       com.android.ide.common.blame.MergingLogPersistUtil::saveToMultiFileVersion2 (410 bytes)
Event: 8504.456 Thread 0x0000000018575000 nmethod 31714 0x000000000a456790 code [0x000000000a4570e0, 0x000000000a45cdd8]
Event: 8504.531 Thread 0x0000000018575000 31715       3       com.android.build.gradle.tasks.MergeResources_Decorated::getIncrementalFolder (37 bytes)
Event: 8504.532 Thread 0x0000000018575000 nmethod 31715 0x00000000051ddcd0 code [0x00000000051dde80, 0x00000000051de4e8]
Event: 8504.603 Thread 0x0000000018571800 nmethod 31711% 0x000000000a467350 code [0x000000000a4677a0, 0x000000000a46bcf0]
Event: 8504.603 Thread 0x0000000018571800 31710       4       com.android.ide.common.resources.configuration.FolderConfiguration::getVersionQualifier (11 bytes)
Event: 8504.603 Thread 0x0000000018571800 nmethod 31710 0x000000000a3a88d0 code [0x000000000a3a8a20, 0x000000000a3a8ad8]

GC Heap History (10 events):
Event: 8160.349 GC heap before
{Heap before GC invocations=58 (full 4):
 PSYoungGen      total 300032K, used 300017K [0x00000000e0000000, 0x00000000f8a80000, 0x0000000100000000)
  eden space 274432K, 100% used [0x00000000e0000000,0x00000000f0c00000,0x00000000f0c00000)
  from space 25600K, 99% used [0x00000000f0c00000,0x00000000f24fc6b0,0x00000000f2500000)
  to   space 41984K, 0% used [0x00000000f6180000,0x00000000f6180000,0x00000000f8a80000)
 ParOldGen       total 199680K, used 142362K [0x00000000a0000000, 0x00000000ac300000, 0x00000000e0000000)
  object space 199680K, 71% used [0x00000000a0000000,0x00000000a8b06850,0x00000000ac300000)
 Metaspace       used 102409K, capacity 111896K, committed 112256K, reserved 1146880K
  class space    used 12938K, capacity 15115K, committed 15232K, reserved 1048576K
Event: 8160.420 GC heap after
Heap after GC invocations=58 (full 4):
 PSYoungGen      total 349696K, used 41973K [0x00000000e0000000, 0x00000000fa280000, 0x0000000100000000)
  eden space 307712K, 0% used [0x00000000e0000000,0x00000000e0000000,0x00000000f2c80000)
  from space 41984K, 99% used [0x00000000f6180000,0x00000000f8a7d4c0,0x00000000f8a80000)
  to   space 54272K, 0% used [0x00000000f2c80000,0x00000000f2c80000,0x00000000f6180000)
 ParOldGen       total 199680K, used 159927K [0x00000000a0000000, 0x00000000ac300000, 0x00000000e0000000)
  object space 199680K, 80% used [0x00000000a0000000,0x00000000a9c2ddf8,0x00000000ac300000)
 Metaspace       used 102409K, capacity 111896K, committed 112256K, reserved 1146880K
  class space    used 12938K, capacity 15115K, committed 15232K, reserved 1048576K
}
Event: 8163.719 GC heap before
{Heap before GC invocations=59 (full 4):
 PSYoungGen      total 349696K, used 349497K [0x00000000e0000000, 0x00000000fa280000, 0x0000000100000000)
  eden space 307712K, 99% used [0x00000000e0000000,0x00000000f2c50ff8,0x00000000f2c80000)
  from space 41984K, 99% used [0x00000000f6180000,0x00000000f8a7d4c0,0x00000000f8a80000)
  to   space 54272K, 0% used [0x00000000f2c80000,0x00000000f2c80000,0x00000000f6180000)
 ParOldGen       total 199680K, used 159927K [0x00000000a0000000, 0x00000000ac300000, 0x00000000e0000000)
  object space 199680K, 80% used [0x00000000a0000000,0x00000000a9c2ddf8,0x00000000ac300000)
 Metaspace       used 102439K, capacity 111900K, committed 112256K, reserved 1146880K
  class space    used 12938K, capacity 15115K, committed 15232K, reserved 1048576K
Event: 8163.764 GC heap after
Heap after GC invocations=59 (full 4):
 PSYoungGen      total 361984K, used 36464K [0x00000000e0000000, 0x00000000fca80000, 0x0000000100000000)
  eden space 307712K, 0% used [0x00000000e0000000,0x00000000e0000000,0x00000000f2c80000)
  from space 54272K, 67% used [0x00000000f2c80000,0x00000000f501c148,0x00000000f6180000)
  to   space 56320K, 0% used [0x00000000f9380000,0x00000000f9380000,0x00000000fca80000)
 ParOldGen       total 199680K, used 161063K [0x00000000a0000000, 0x00000000ac300000, 0x00000000e0000000)
  object space 199680K, 80% used [0x00000000a0000000,0x00000000a9d49ed8,0x00000000ac300000)
 Metaspace       used 102439K, capacity 111900K, committed 112256K, reserved 1146880K
  class space    used 12938K, capacity 15115K, committed 15232K, reserved 1048576K
}
Event: 8163.796 GC heap before
{Heap before GC invocations=60 (full 4):
 PSYoungGen      total 361984K, used 343333K [0x00000000e0000000, 0x00000000fca80000, 0x0000000100000000)
  eden space 307712K, 99% used [0x00000000e0000000,0x00000000f2bad600,0x00000000f2c80000)
  from space 54272K, 67% used [0x00000000f2c80000,0x00000000f501c148,0x00000000f6180000)
  to   space 56320K, 0% used [0x00000000f9380000,0x00000000f9380000,0x00000000fca80000)
 ParOldGen       total 199680K, used 161063K [0x00000000a0000000, 0x00000000ac300000, 0x00000000e0000000)
  object space 199680K, 80% used [0x00000000a0000000,0x00000000a9d49ed8,0x00000000ac300000)
 Metaspace       used 102439K, capacity 111900K, committed 112256K, reserved 1146880K
  class space    used 12938K, capacity 15115K, committed 15232K, reserved 1048576K
Event: 8163.865 GC heap after
Heap after GC invocations=60 (full 4):
 PSYoungGen      total 416256K, used 23341K [0x00000000e0000000, 0x00000000fd180000, 0x0000000100000000)
  eden space 359936K, 0% used [0x00000000e0000000,0x00000000e0000000,0x00000000f5f80000)
  from space 56320K, 41% used [0x00000000f9380000,0x00000000faa4b548,0x00000000fca80000)
  to   space 53248K, 0% used [0x00000000f5f80000,0x00000000f5f80000,0x00000000f9380000)
 ParOldGen       total 199680K, used 166513K [0x00000000a0000000, 0x00000000ac300000, 0x00000000e0000000)
  object space 199680K, 83% used [0x00000000a0000000,0x00000000aa29c718,0x00000000ac300000)
 Metaspace       used 102439K, capacity 111900K, committed 112256K, reserved 1146880K
  class space    used 12938K, capacity 15115K, committed 15232K, reserved 1048576K
}
Event: 8260.139 GC heap before
{Heap before GC invocations=61 (full 4):
 PSYoungGen      total 416256K, used 383277K [0x00000000e0000000, 0x00000000fd180000, 0x0000000100000000)
  eden space 359936K, 100% used [0x00000000e0000000,0x00000000f5f80000,0x00000000f5f80000)
  from space 56320K, 41% used [0x00000000f9380000,0x00000000faa4b548,0x00000000fca80000)
  to   space 53248K, 0% used [0x00000000f5f80000,0x00000000f5f80000,0x00000000f9380000)
 ParOldGen       total 199680K, used 166513K [0x00000000a0000000, 0x00000000ac300000, 0x00000000e0000000)
  object space 199680K, 83% used [0x00000000a0000000,0x00000000aa29c718,0x00000000ac300000)
 Metaspace       used 102518K, capacity 112020K, committed 112256K, reserved 1146880K
  class space    used 12950K, capacity 15155K, committed 15232K, reserved 1048576K
Event: 8260.181 GC heap after
Heap after GC invocations=61 (full 4):
 PSYoungGen      total 413184K, used 26176K [0x00000000e0000000, 0x00000000ff900000, 0x0000000100000000)
  eden space 359936K, 0% used [0x00000000e0000000,0x00000000e0000000,0x00000000f5f80000)
  from space 53248K, 49% used [0x00000000f5f80000,0x00000000f7910060,0x00000000f9380000)
  to   space 51200K, 0% used [0x00000000fc700000,0x00000000fc700000,0x00000000ff900000)
 ParOldGen       total 199680K, used 166733K [0x00000000a0000000, 0x00000000ac300000, 0x00000000e0000000)
  object space 199680K, 83% used [0x00000000a0000000,0x00000000aa2d3728,0x00000000ac300000)
 Metaspace       used 102518K, capacity 112020K, committed 112256K, reserved 1146880K
  class space    used 12950K, capacity 15155K, committed 15232K, reserved 1048576K
}
Event: 8434.926 GC heap before
{Heap before GC invocations=62 (full 4):
 PSYoungGen      total 413184K, used 386112K [0x00000000e0000000, 0x00000000ff900000, 0x0000000100000000)
  eden space 359936K, 100% used [0x00000000e0000000,0x00000000f5f80000,0x00000000f5f80000)
  from space 53248K, 49% used [0x00000000f5f80000,0x00000000f7910060,0x00000000f9380000)
  to   space 51200K, 0% used [0x00000000fc700000,0x00000000fc700000,0x00000000ff900000)
 ParOldGen       total 199680K, used 166733K [0x00000000a0000000, 0x00000000ac300000, 0x00000000e0000000)
  object space 199680K, 83% used [0x00000000a0000000,0x00000000aa2d3728,0x00000000ac300000)
 Metaspace       used 102691K, capacity 112412K, committed 112640K, reserved 1146880K
  class space    used 12976K, capacity 15239K, committed 15360K, reserved 1048576K
Event: 8434.980 GC heap after
Heap after GC invocations=62 (full 4):
 PSYoungGen      total 467968K, used 27166K [0x00000000e0000000, 0x00000000ffa00000, 0x0000000100000000)
  eden space 416768K, 0% used [0x00000000e0000000,0x00000000e0000000,0x00000000f9700000)
  from space 51200K, 53% used [0x00000000fc700000,0x00000000fe187b58,0x00000000ff900000)
  to   space 49152K, 0% used [0x00000000f9700000,0x00000000f9700000,0x00000000fc700000)
 ParOldGen       total 199680K, used 167253K [0x00000000a0000000, 0x00000000ac300000, 0x00000000e0000000)
  object space 199680K, 83% used [0x00000000a0000000,0x00000000aa355728,0x00000000ac300000)
 Metaspace       used 102691K, capacity 112412K, committed 112640K, reserved 1146880K
  class space    used 12976K, capacity 15239K, committed 15360K, reserved 1048576K
}

Deoptimization events (10 events):
Event: 8158.790 Thread 0x0000000025530800 Uncommon trap: reason=class_check action=maybe_recompile pc=0x000000000939df30 method=com.android.tools.r8.graph.DexItem.lambda$collectAll$0(Lcom/android/tools/r8/dex/IndexedItemCollection;Lcom/android/tools/r8/graph/DexItem;)V @ 2
Event: 8158.823 Thread 0x0000000025534800 Uncommon trap: reason=class_check action=maybe_recompile pc=0x00000000085a1968 method=com.android.tools.r8.graph.DexItem.lambda$collectAll$0(Lcom/android/tools/r8/dex/IndexedItemCollection;Lcom/android/tools/r8/graph/DexItem;)V @ 2
Event: 8163.662 Thread 0x0000000025532000 Uncommon trap: reason=unstable_if action=reinterpret pc=0x0000000007242cec method=com.google.common.collect.RegularImmutableMap.fromEntryArray(I[Ljava/util/Map$Entry;)Lcom/google/common/collect/RegularImmutableMap; @ 123
Event: 8424.107 Thread 0x0000000025537800 Uncommon trap: reason=null_check action=make_not_entrant pc=0x00000000072f2e74 method=org.gradle.api.internal.project.taskfactory.InputPropertyAnnotationHandler.attachActions(Lorg/gradle/api/internal/project/taskfactory/TaskPropertyActionContext;)V @ 26
Event: 8434.554 Thread 0x0000000025537800 Uncommon trap: reason=range_check action=make_not_entrant pc=0x00000000099b4234 method=org.objectweb.asm.Type.getType([CI)Lorg/objectweb/asm/Type; @ 2
Event: 8434.554 Thread 0x0000000025537800 Uncommon trap: reason=range_check action=make_not_entrant pc=0x00000000099a2758 method=org.objectweb.asm.Type.getType([CI)Lorg/objectweb/asm/Type; @ 2
Event: 8444.418 Thread 0x0000000025537800 Uncommon trap: reason=class_check action=maybe_recompile pc=0x00000000076a3d88 method=org.gradle.model.internal.core.DefaultModelRegistration.<init>(Lorg/gradle/model/internal/core/ModelPath;Lorg/gradle/model/internal/core/rule/describe/ModelRuleDescripto
Event: 8444.418 Thread 0x0000000025537800 Uncommon trap: reason=class_check action=maybe_recompile pc=0x00000000076a3d88 method=org.gradle.model.internal.core.DefaultModelRegistration.<init>(Lorg/gradle/model/internal/core/ModelPath;Lorg/gradle/model/internal/core/rule/describe/ModelRuleDescripto
Event: 8444.418 Thread 0x0000000025537800 Uncommon trap: reason=class_check action=maybe_recompile pc=0x00000000076a3d88 method=org.gradle.model.internal.core.DefaultModelRegistration.<init>(Lorg/gradle/model/internal/core/ModelPath;Lorg/gradle/model/internal/core/rule/describe/ModelRuleDescripto
Event: 8444.418 Thread 0x0000000025537800 Uncommon trap: reason=class_check action=maybe_recompile pc=0x00000000076a3d88 method=org.gradle.model.internal.core.DefaultModelRegistration.<init>(Lorg/gradle/model/internal/core/ModelPath;Lorg/gradle/model/internal/core/rule/describe/ModelRuleDescripto

Classes redefined (0 events):
No events

Internal exceptions (10 events):
Event: 8424.057 Thread 0x0000000025537800 Exception <a 'sun/nio/fs/WindowsException'> (0x00000000e7351698) thrown at [D:\src\AOSP-openjdk-cygwin\jdk8u\hotspot\src\share\vm\prims\jni.cpp, line 709]
Event: 8433.055 Thread 0x0000000025537800 Exception <a 'java/lang/ClassNotFoundException': sync_local_repo5743_efjft1ko0jeudef3zwtceemptBeanInfo> (0x00000000eca91300) thrown at [D:\src\AOSP-openjdk-cygwin\jdk8u\hotspot\src\share\vm\classfile\systemDictionary.cpp, line 210]
Event: 8433.055 Thread 0x0000000025537800 Exception <a 'java/lang/ClassNotFoundException': sync_local_repo5743_efjft1ko0jeudef3zwtceemptCustomizer> (0x00000000eca9c8d8) thrown at [D:\src\AOSP-openjdk-cygwin\jdk8u\hotspot\src\share\vm\classfile\systemDictionary.cpp, line 210]
Event: 8433.269 Thread 0x0000000025537800 Exception <a 'sun/nio/fs/WindowsException'> (0x00000000ef379028) thrown at [D:\src\AOSP-openjdk-cygwin\jdk8u\hotspot\src\share\vm\prims\jni.cpp, line 709]
Event: 8444.413 Thread 0x0000000025537800 Exception <a 'java/lang/ClassNotFoundException': sync_local_repo3167_3h17am1l9fjimv4awkq57qapmBeanInfo> (0x00000000e1757b80) thrown at [D:\src\AOSP-openjdk-cygwin\jdk8u\hotspot\src\share\vm\classfile\systemDictionary.cpp, line 210]
Event: 8444.413 Thread 0x0000000025537800 Exception <a 'java/lang/ClassNotFoundException': sync_local_repo3167_3h17am1l9fjimv4awkq57qapmCustomizer> (0x00000000e1763158) thrown at [D:\src\AOSP-openjdk-cygwin\jdk8u\hotspot\src\share\vm\classfile\systemDictionary.cpp, line 210]
Event: 8444.589 Thread 0x0000000025537800 Exception <a 'sun/nio/fs/WindowsException'> (0x00000000e3d5df80) thrown at [D:\src\AOSP-openjdk-cygwin\jdk8u\hotspot\src\share\vm\prims\jni.cpp, line 709]
Event: 8503.346 Thread 0x0000000025537800 Exception <a 'java/lang/ClassNotFoundException': sync_local_repo4991_3vhxolxgjvcefx486s38xinrdBeanInfo> (0x00000000e95f4da0) thrown at [D:\src\AOSP-openjdk-cygwin\jdk8u\hotspot\src\share\vm\classfile\systemDictionary.cpp, line 210]
Event: 8503.347 Thread 0x0000000025537800 Exception <a 'java/lang/ClassNotFoundException': sync_local_repo4991_3vhxolxgjvcefx486s38xinrdCustomizer> (0x00000000e9600378) thrown at [D:\src\AOSP-openjdk-cygwin\jdk8u\hotspot\src\share\vm\classfile\systemDictionary.cpp, line 210]
Event: 8503.577 Thread 0x0000000025537800 Exception <a 'sun/nio/fs/WindowsException'> (0x00000000ebc14ab0) thrown at [D:\src\AOSP-openjdk-cygwin\jdk8u\hotspot\src\share\vm\prims\jni.cpp, line 709]

Events (10 events):
Event: 8504.421 Executing VM operation: RevokeBias done
Event: 8504.432 Thread 0x000000001d3e8800 Thread added: 0x000000001d3e8800
Event: 8504.480 Executing VM operation: RevokeBias
Event: 8504.480 Executing VM operation: RevokeBias done
Event: 8504.480 Thread 0x00000000241fd000 Thread exited: 0x00000000241fd000
Event: 8504.481 Executing VM operation: RevokeBias
Event: 8504.481 Executing VM operation: RevokeBias done
Event: 8504.481 Executing VM operation: RevokeBias
Event: 8504.481 Executing VM operation: RevokeBias done
Event: 8504.481 Thread 0x00000000241fa800 Thread exited: 0x00000000241fa800


Dynamic libraries:
0x00007ff741090000 - 0x00007ff7410c1000 	C:\Program Files\Android\Android Studio\jre\bin\java.exe
0x00007ffa65150000 - 0x00007ffa65330000 	C:\Windows\SYSTEM32\ntdll.dll
0x00007ffa65070000 - 0x00007ffa6511e000 	C:\Windows\System32\KERNEL32.DLL
0x00007ffa623b0000 - 0x00007ffa62616000 	C:\Windows\System32\KERNELBASE.dll
0x00007ffa64ab0000 - 0x00007ffa64b51000 	C:\Windows\System32\ADVAPI32.dll
0x00007ffa646b0000 - 0x00007ffa6474d000 	C:\Windows\System32\msvcrt.dll
0x00007ffa648c0000 - 0x00007ffa6491b000 	C:\Windows\System32\sechost.dll
0x00007ffa64c20000 - 0x00007ffa64d3f000 	C:\Windows\System32\RPCRT4.dll
0x00007ffa64920000 - 0x00007ffa64aaf000 	C:\Windows\System32\USER32.dll
0x00007ffa62180000 - 0x00007ffa621a0000 	C:\Windows\System32\win32u.dll
0x00007ffa64230000 - 0x00007ffa64258000 	C:\Windows\System32\GDI32.dll
0x00007ffa61fe0000 - 0x00007ffa62173000 	C:\Windows\System32\gdi32full.dll
0x00007ffa61f40000 - 0x00007ffa61fdb000 	C:\Windows\System32\msvcp_win.dll
0x00007ffa621a0000 - 0x00007ffa62296000 	C:\Windows\System32\ucrtbase.dll
0x00007ffa51b40000 - 0x00007ffa51da9000 	C:\Windows\WinSxS\amd64_microsoft.windows.common-controls_6595b64144ccf1df_6.0.16299.371_none_15c7d1789365a290\COMCTL32.dll
0x00007ffa64d40000 - 0x00007ffa65048000 	C:\Windows\System32\combase.dll
0x00007ffa61550000 - 0x00007ffa615c2000 	C:\Windows\System32\bcryptPrimitives.dll
0x00007ffa64370000 - 0x00007ffa6439d000 	C:\Windows\System32\IMM32.DLL
0x0000000061e70000 - 0x0000000061f42000 	C:\Program Files\Android\Android Studio\jre\jre\bin\msvcr100.dll
0x0000000061f50000 - 0x000000006278e000 	C:\Program Files\Android\Android Studio\jre\jre\bin\server\jvm.dll
0x00007ffa642f0000 - 0x00007ffa642f8000 	C:\Windows\System32\PSAPI.DLL
0x00007ffa5cdd0000 - 0x00007ffa5cdf3000 	C:\Windows\SYSTEM32\WINMM.dll
0x00007ffa4def0000 - 0x00007ffa4def9000 	C:\Windows\SYSTEM32\WSOCK32.dll
0x00007ffa56ca0000 - 0x00007ffa56caa000 	C:\Windows\SYSTEM32\VERSION.dll
0x00007ffa64300000 - 0x00007ffa6436c000 	C:\Windows\System32\WS2_32.dll
0x00007ffa5c950000 - 0x00007ffa5c97a000 	C:\Windows\SYSTEM32\WINMMBASE.dll
0x00007ffa617a0000 - 0x00007ffa617ea000 	C:\Windows\System32\cfgmgr32.dll
0x00007ffa531f0000 - 0x00007ffa531ff000 	C:\Program Files\Android\Android Studio\jre\jre\bin\verify.dll
0x00007ffa2f7c0000 - 0x00007ffa2f7e9000 	C:\Program Files\Android\Android Studio\jre\jre\bin\java.dll
0x00007ffa3cb70000 - 0x00007ffa3cb86000 	C:\Program Files\Android\Android Studio\jre\jre\bin\zip.dll
0x00007ffa62d90000 - 0x00007ffa641c6000 	C:\Windows\System32\SHELL32.dll
0x00007ffa64b60000 - 0x00007ffa64c06000 	C:\Windows\System32\shcore.dll
0x00007ffa617f0000 - 0x00007ffa61f37000 	C:\Windows\System32\windows.storage.dll
0x00007ffa62770000 - 0x00007ffa627c1000 	C:\Windows\System32\shlwapi.dll
0x00007ffa61530000 - 0x00007ffa61541000 	C:\Windows\System32\kernel.appcore.dll
0x00007ffa614c0000 - 0x00007ffa6150c000 	C:\Windows\System32\powrprof.dll
0x00007ffa614a0000 - 0x00007ffa614bb000 	C:\Windows\System32\profapi.dll
0x00007ffa51f50000 - 0x00007ffa51f6a000 	C:\Program Files\Android\Android Studio\jre\jre\bin\net.dll
0x00007ffa60cd0000 - 0x00007ffa60d36000 	C:\Windows\system32\mswsock.dll
0x00007ffa34e40000 - 0x00007ffa34e51000 	C:\Program Files\Android\Android Studio\jre\jre\bin\nio.dll
0x00007ffa319f0000 - 0x00007ffa31a0e000 	C:\Users\Dell\.gradle\native\25\windows-amd64\native-platform.dll
0x00007ffa5b620000 - 0x00007ffa5b62d000 	C:\Program Files\Android\Android Studio\jre\jre\bin\management.dll
0x00007ffa60ea0000 - 0x00007ffa60eb7000 	C:\Windows\SYSTEM32\CRYPTSP.dll
0x00007ffa608d0000 - 0x00007ffa60903000 	C:\Windows\system32\rsaenh.dll
0x00007ffa60fa0000 - 0x00007ffa60fc5000 	C:\Windows\SYSTEM32\bcrypt.dll
0x00007ffa613a0000 - 0x00007ffa613c9000 	C:\Windows\SYSTEM32\USERENV.dll
0x00007ffa60e90000 - 0x00007ffa60e9b000 	C:\Windows\SYSTEM32\CRYPTBASE.dll
0x00007ffa60a60000 - 0x00007ffa60a99000 	C:\Windows\SYSTEM32\IPHLPAPI.DLL
0x00007ffa64c10000 - 0x00007ffa64c18000 	C:\Windows\System32\NSI.dll
0x00007ffa5c580000 - 0x00007ffa5c596000 	C:\Windows\SYSTEM32\dhcpcsvc6.DLL
0x00007ffa5a260000 - 0x00007ffa5a27a000 	C:\Windows\SYSTEM32\dhcpcsvc.DLL
0x00007ffa605d0000 - 0x00007ffa60601000 	C:\Windows\SYSTEM32\ntmarta.dll
0x00007ffa247d0000 - 0x00007ffa24965000 	C:\Program Files\Android\Android Studio\jre\jre\bin\awt.dll
0x00007ffa62cc0000 - 0x00007ffa62d85000 	C:\Windows\System32\OLEAUT32.dll
0x00007ffa5d9c0000 - 0x00007ffa5df78000 	C:\Windows\SYSTEM32\d2d1.dll
0x00007ffa615d0000 - 0x00007ffa6179e000 	C:\Windows\System32\CRYPT32.dll
0x00007ffa61510000 - 0x00007ffa61522000 	C:\Windows\System32\MSASN1.dll
0x00007ffa5f150000 - 0x00007ffa5f1d8000 	C:\Windows\SYSTEM32\apphelp.dll
0x00007ffa5f970000 - 0x00007ffa5f99a000 	C:\Windows\system32\DWMAPI.DLL
0x00007ffa5f850000 - 0x00007ffa5f8e5000 	C:\Windows\system32\uxtheme.dll

VM Arguments:
jvm_args: -Xmx1536m -Dfile.encoding=windows-1252 -Duser.country=US -Duser.language=en -Duser.variant 
java_command: org.gradle.launcher.daemon.bootstrap.GradleDaemon 4.4
java_class_path (initial): C:\Users\Dell\.gradle\wrapper\dists\gradle-4.4-all\9br9xq1tocpiv8o6njlyu5op1\gradle-4.4\lib\gradle-launcher-4.4.jar
Launcher Type: SUN_STANDARD

Environment Variables:
PATH=C:\ProgramData\Oracle\Java\javapath;C:\Windows\system32;C:\Windows;C:\Windows\System32\Wbem;C:\Windows\System32\WindowsPowerShell\v1.0\;C:\Program Files\Microsoft SQL Server\120\DTS\Binn\;C:\Program Files\Microsoft SQL Server\Client SDK\ODBC\110\Tools\Binn\;C:\Program Files (x86)\Microsoft SQL Server\120\Tools\Binn\;C:\Program Files\Microsoft SQL Server\120\Tools\Binn\;C:\Program Files (x86)\Microsoft SQL Server\120\Tools\Binn\ManagementStudio\;C:\Program Files (x86)\Microsoft SQL Server\120\DTS\Binn\;C:\Program Files\Microsoft SQL Server\130\Tools\Binn\;C:\Program Files (x86)\Windows Kits\10\Windows Performance Toolkit\;D:\git\Git\cmd;F:\Tài li?u nam 4\nodejs\;C:\Program Files (x86)\Microsoft SQL Server\110\DTS\Binn\;C:\Program Files (x86)\Microsoft SQL Server\130\DTS\Binn\;C:\Program Files (x86)\Microsoft SQL Server\140\DTS\Binn\;C:\Program Files\Microsoft\Web Platform Installer\;C:\Program Files\dotnet\;C:\Program Files (x86)\Bitvise SSH Client;C:\Users\Dell\AppData\Local\Microsoft\WindowsApps;;F:\Tài li?u nam 4\H? th?ng phân tán\Microsoft VS Code\bin;C:\Users\Dell\AppData\Roaming\npm
USERNAME=Dell
OS=Windows_NT
PROCESSOR_IDENTIFIER=Intel64 Family 6 Model 142 Stepping 9, GenuineIntel



---------------  S Y S T E M  ---------------

OS: Windows 10.0 , 64 bit Build 16299 (10.0.16299.15)

CPU:total 4 (initial active 4) (2 cores per cpu, 2 threads per core) family 6 model 142 stepping 9, cmov, cx8, fxsr, mmx, sse, sse2, sse3, ssse3, sse4.1, sse4.2, popcnt, avx, avx2, aes, clmul, erms, 3dnowpref, lzcnt, ht, tsc, tscinvbit, bmi1, bmi2, adx

Memory: 4k page, physical 8253576k(429752k free), swap 12447880k(27320k free)

vm_info: OpenJDK 64-Bit Server VM (25.152-b01) for windows-amd64 JRE (1.8.0_152-release-915-b01), built by "builder" with MS VC++ 10.0 (VS2010)

time: Mon May 07 15:47:36 2018
elapsed time: 8504 seconds (0d 2h 21m 44s)

